[0.011s] Invoking command in '/home/rooks/projects/ros2_ws/build/drone_pkg': CMAKE_PREFIX_PATH=${CMAKE_PREFIX_PATH}:/opt/ros/jazzy /usr/bin/cmake /home/rooks/projects/ros2_ws/src/drone_pkg -DCMAKE_INSTALL_PREFIX=/home/rooks/projects/ros2_ws/install/drone_pkg
[0.199s] -- The C compiler identification is GNU 13.3.0
[0.728s] -- The CXX compiler identification is GNU 13.3.0
[1.184s] -- Detecting C compiler ABI info
[1.396s] -- Detecting C compiler ABI info - done
[1.401s] -- Check for working C compiler: /usr/bin/cc - skipped
[1.402s] -- Detecting C compile features
[1.403s] -- Detecting C compile features - done
[1.473s] -- Detecting CXX compiler ABI info
[1.691s] -- Detecting CXX compiler ABI info - done
[1.697s] -- Check for working CXX compiler: /usr/bin/c++ - skipped
[1.697s] -- Detecting CXX compile features
[1.697s] -- Detecting CXX compile features - done
[1.709s] -- Found ament_cmake: 2.5.6 (/opt/ros/jazzy/share/ament_cmake/cmake)
[1.816s] -- Found Python3: /usr/bin/python3 (found version "3.12.3") found components: Interpreter 
[1.903s] -- Found ament_lint_auto: 0.17.5 (/opt/ros/jazzy/share/ament_lint_auto/cmake)
[1.979s] -- Added test 'cppcheck' to perform static code analysis on C / C++ code
[1.979s] -- Configured cppcheck include dirs: $<BUILD_INTERFACE:/home/rooks/projects/ros2_ws/src/drone_pkg/include>
[1.979s] -- Configured cppcheck exclude dirs and/or files: 
[1.980s] -- Added test 'lint_cmake' to check CMake code style
[1.982s] -- Added test 'uncrustify' to check C / C++ code style
[1.982s] -- Configured uncrustify additional arguments: 
[1.982s] -- Added test 'xmllint' to check XML markup files
[1.984s] -- Configuring done (2.0s)
[1.991s] -- Generating done (0.0s)
[1.993s] -- Build files have been written to: /home/rooks/projects/ros2_ws/build/drone_pkg
[1.998s] Invoked command in '/home/rooks/projects/ros2_ws/build/drone_pkg' returned '0': CMAKE_PREFIX_PATH=${CMAKE_PREFIX_PATH}:/opt/ros/jazzy /usr/bin/cmake /home/rooks/projects/ros2_ws/src/drone_pkg -DCMAKE_INSTALL_PREFIX=/home/rooks/projects/ros2_ws/install/drone_pkg
[1.999s] Invoking command in '/home/rooks/projects/ros2_ws/build/drone_pkg': CMAKE_PREFIX_PATH=${CMAKE_PREFIX_PATH}:/opt/ros/jazzy /usr/bin/cmake --build /home/rooks/projects/ros2_ws/build/drone_pkg -- -j16 -l16
[2.039s] [ 50%] [32mBuilding CXX object CMakeFiles/drone_node.dir/src/drone_node.cpp.o[0m
[2.046s] [01m[K/home/rooks/projects/ros2_ws/src/drone_pkg/src/drone_node.cpp:1:10:[m[K [01;31m[Kfatal error: [m[Krclcpp/rclcpp.hpp: No such file or directory
[2.046s]     1 | #include [01;31m[K<rclcpp/rclcpp.hpp>[m[K
[2.046s]       |          [01;31m[K^~~~~~~~~~~~~~~~~~~[m[K
[2.046s] compilation terminated.
[2.047s] gmake[2]: *** [CMakeFiles/drone_node.dir/build.make:76: CMakeFiles/drone_node.dir/src/drone_node.cpp.o] Error 1
[2.047s] gmake[1]: *** [CMakeFiles/Makefile2:137: CMakeFiles/drone_node.dir/all] Error 2
[2.047s] gmake: *** [Makefile:146: all] Error 2
[2.049s] Invoked command in '/home/rooks/projects/ros2_ws/build/drone_pkg' returned '2': CMAKE_PREFIX_PATH=${CMAKE_PREFIX_PATH}:/opt/ros/jazzy /usr/bin/cmake --build /home/rooks/projects/ros2_ws/build/drone_pkg -- -j16 -l16
