[0.013s] Invoking command in '/home/rooks/projects/ros2_ws/build/drone_pkg': CMAKE_PREFIX_PATH=${CMAKE_PREFIX_PATH}:/opt/ros/jazzy /usr/bin/cmake --build /home/rooks/projects/ros2_ws/build/drone_pkg -- -j16 -l16
[0.060s] -- Found ament_cmake: 2.5.6 (/opt/ros/jazzy/share/ament_cmake/cmake)
[0.231s] -- Found rclcpp: 28.1.18 (/opt/ros/jazzy/share/rclcpp/cmake)
[0.370s] -- Found rosidl_generator_c: 4.6.7 (/opt/ros/jazzy/share/rosidl_generator_c/cmake)
[0.382s] -- Found rosidl_generator_cpp: 4.6.7 (/opt/ros/jazzy/share/rosidl_generator_cpp/cmake)
[0.400s] -- Using all available rosidl_typesupport_c: rosidl_typesupport_fastrtps_c;rosidl_typesupport_introspection_c
[0.417s] -- Using all available rosidl_typesupport_cpp: rosidl_typesupport_fastrtps_cpp;rosidl_typesupport_introspection_cpp
[0.486s] -- Found rmw_implementation_cmake: 7.3.3 (/opt/ros/jazzy/share/rmw_implementation_cmake/cmake)
[0.489s] -- Found rmw_fastrtps_cpp: 8.4.3 (/opt/ros/jazzy/share/rmw_fastrtps_cpp/cmake)
[0.568s] -- Found OpenSSL: /usr/lib/x86_64-linux-gnu/libcrypto.so (found version "3.0.13")  
[0.713s] -- Found FastRTPS: /opt/ros/jazzy/include (Required is at least version "2.13") 
[0.803s] -- Using RMW implementation 'rmw_fastrtps_cpp' as default
[0.975s] -- Found std_msgs: 5.3.7 (/opt/ros/jazzy/share/std_msgs/cmake)
[0.988s] -- Found ament_lint_auto: 0.17.5 (/opt/ros/jazzy/share/ament_lint_auto/cmake)
[1.057s] -- Added test 'cppcheck' to perform static code analysis on C / C++ code
[1.057s] -- Configured cppcheck include dirs: $<BUILD_INTERFACE:/home/rooks/projects/ros2_ws/src/drone_pkg/include>
[1.058s] -- Configured cppcheck exclude dirs and/or files: 
[1.058s] -- Added test 'lint_cmake' to check CMake code style
[1.059s] -- Added test 'uncrustify' to check C / C++ code style
[1.059s] -- Configured uncrustify additional arguments: 
[1.060s] -- Added test 'xmllint' to check XML markup files
[1.061s] -- Configuring done (1.0s)
[1.075s] -- Generating done (0.0s)
[1.079s] -- Build files have been written to: /home/rooks/projects/ros2_ws/build/drone_pkg
[1.113s] [ 50%] [32mBuilding CXX object CMakeFiles/drone_node.dir/src/drone_node.cpp.o[0m
[4.073s] [100%] [32m[1mLinking CXX executable drone_node[0m
[4.290s] [100%] Built target drone_node
[4.300s] Invoked command in '/home/rooks/projects/ros2_ws/build/drone_pkg' returned '0': CMAKE_PREFIX_PATH=${CMAKE_PREFIX_PATH}:/opt/ros/jazzy /usr/bin/cmake --build /home/rooks/projects/ros2_ws/build/drone_pkg -- -j16 -l16
[4.309s] Invoking command in '/home/rooks/projects/ros2_ws/build/drone_pkg': CMAKE_PREFIX_PATH=${CMAKE_PREFIX_PATH}:/opt/ros/jazzy /usr/bin/cmake --install /home/rooks/projects/ros2_ws/build/drone_pkg
[4.315s] -- Install configuration: ""
[4.316s] -- Installing: /home/rooks/projects/ros2_ws/install/drone_pkg/lib/drone_pkg/drone_node
[4.317s] -- Set non-toolchain portion of runtime path of "/home/rooks/projects/ros2_ws/install/drone_pkg/lib/drone_pkg/drone_node" to ""
[4.318s] -- Installing: /home/rooks/projects/ros2_ws/install/drone_pkg/share/ament_index/resource_index/package_run_dependencies/drone_pkg
[4.319s] -- Installing: /home/rooks/projects/ros2_ws/install/drone_pkg/share/ament_index/resource_index/parent_prefix_path/drone_pkg
[4.319s] -- Installing: /home/rooks/projects/ros2_ws/install/drone_pkg/share/drone_pkg/environment/ament_prefix_path.sh
[4.320s] -- Installing: /home/rooks/projects/ros2_ws/install/drone_pkg/share/drone_pkg/environment/ament_prefix_path.dsv
[4.320s] -- Installing: /home/rooks/projects/ros2_ws/install/drone_pkg/share/drone_pkg/environment/path.sh
[4.320s] -- Installing: /home/rooks/projects/ros2_ws/install/drone_pkg/share/drone_pkg/environment/path.dsv
[4.320s] -- Installing: /home/rooks/projects/ros2_ws/install/drone_pkg/share/drone_pkg/local_setup.bash
[4.320s] -- Installing: /home/rooks/projects/ros2_ws/install/drone_pkg/share/drone_pkg/local_setup.sh
[4.320s] -- Installing: /home/rooks/projects/ros2_ws/install/drone_pkg/share/drone_pkg/local_setup.zsh
[4.321s] -- Installing: /home/rooks/projects/ros2_ws/install/drone_pkg/share/drone_pkg/local_setup.dsv
[4.321s] -- Up-to-date: /home/rooks/projects/ros2_ws/install/drone_pkg/share/drone_pkg/package.dsv
[4.321s] -- Installing: /home/rooks/projects/ros2_ws/install/drone_pkg/share/ament_index/resource_index/packages/drone_pkg
[4.322s] -- Installing: /home/rooks/projects/ros2_ws/install/drone_pkg/share/drone_pkg/cmake/drone_pkgConfig.cmake
[4.322s] -- Installing: /home/rooks/projects/ros2_ws/install/drone_pkg/share/drone_pkg/cmake/drone_pkgConfig-version.cmake
[4.322s] -- Installing: /home/rooks/projects/ros2_ws/install/drone_pkg/share/drone_pkg/package.xml
[4.324s] Invoked command in '/home/rooks/projects/ros2_ws/build/drone_pkg' returned '0': CMAKE_PREFIX_PATH=${CMAKE_PREFIX_PATH}:/opt/ros/jazzy /usr/bin/cmake --install /home/rooks/projects/ros2_ws/build/drone_pkg
