-- Found ament_cmake: 2.5.6 (/opt/ros/jazzy/share/ament_cmake/cmake)
-- Found rclcpp: 28.1.18 (/opt/ros/jazzy/share/rclcpp/cmake)
-- Found rosidl_generator_c: 4.6.7 (/opt/ros/jazzy/share/rosidl_generator_c/cmake)
-- Found rosidl_generator_cpp: 4.6.7 (/opt/ros/jazzy/share/rosidl_generator_cpp/cmake)
-- Using all available rosidl_typesupport_c: rosidl_typesupport_fastrtps_c;rosidl_typesupport_introspection_c
-- Using all available rosidl_typesupport_cpp: rosidl_typesupport_fastrtps_cpp;rosidl_typesupport_introspection_cpp
-- Found rmw_implementation_cmake: 7.3.3 (/opt/ros/jazzy/share/rmw_implementation_cmake/cmake)
-- Found rmw_fastrtps_cpp: 8.4.3 (/opt/ros/jazzy/share/rmw_fastrtps_cpp/cmake)
-- Using RMW implementation 'rmw_fastrtps_cpp' as default
-- Found std_msgs: 5.3.7 (/opt/ros/jazzy/share/std_msgs/cmake)
-- Found ament_lint_auto: 0.17.5 (/opt/ros/jazzy/share/ament_lint_auto/cmake)
-- Added test 'cppcheck' to perform static code analysis on C / C++ code
-- Configured cppcheck include dirs: $<BUILD_INTERFACE:/home/rooks/projects/ros2_ws/src/drone_pkg/include>
-- Configured cppcheck exclude dirs and/or files: 
-- Added test 'lint_cmake' to check CMake code style
-- Added test 'uncrustify' to check C / C++ code style
-- Configured uncrustify additional arguments: 
-- Added test 'xmllint' to check XML markup files
-- Configuring done (0.8s)
-- Generating done (0.0s)
-- Build files have been written to: /home/rooks/projects/ros2_ws/build/drone_pkg
[ 25%] [32mBuilding CXX object CMakeFiles/battery_monitor.dir/src/battery_monitor.cpp.o[0m
[ 75%] Built target drone_node
[100%] [32m[1mLinking CXX executable battery_monitor[0m
[100%] Built target battery_monitor
-- Install configuration: ""
-- Up-to-date: /home/rooks/projects/ros2_ws/install/drone_pkg/lib/drone_pkg/drone_node
-- Installing: /home/rooks/projects/ros2_ws/install/drone_pkg/lib/drone_pkg/battery_monitor
-- Set non-toolchain portion of runtime path of "/home/rooks/projects/ros2_ws/install/drone_pkg/lib/drone_pkg/battery_monitor" to ""
-- Up-to-date: /home/rooks/projects/ros2_ws/install/drone_pkg/share/ament_index/resource_index/package_run_dependencies/drone_pkg
-- Installing: /home/rooks/projects/ros2_ws/install/drone_pkg/share/ament_index/resource_index/parent_prefix_path/drone_pkg
-- Up-to-date: /home/rooks/projects/ros2_ws/install/drone_pkg/share/drone_pkg/environment/ament_prefix_path.sh
-- Up-to-date: /home/rooks/projects/ros2_ws/install/drone_pkg/share/drone_pkg/environment/ament_prefix_path.dsv
-- Up-to-date: /home/rooks/projects/ros2_ws/install/drone_pkg/share/drone_pkg/environment/path.sh
-- Up-to-date: /home/rooks/projects/ros2_ws/install/drone_pkg/share/drone_pkg/environment/path.dsv
-- Up-to-date: /home/rooks/projects/ros2_ws/install/drone_pkg/share/drone_pkg/local_setup.bash
-- Up-to-date: /home/rooks/projects/ros2_ws/install/drone_pkg/share/drone_pkg/local_setup.sh
-- Up-to-date: /home/rooks/projects/ros2_ws/install/drone_pkg/share/drone_pkg/local_setup.zsh
-- Up-to-date: /home/rooks/projects/ros2_ws/install/drone_pkg/share/drone_pkg/local_setup.dsv
-- Installing: /home/rooks/projects/ros2_ws/install/drone_pkg/share/drone_pkg/package.dsv
-- Up-to-date: /home/rooks/projects/ros2_ws/install/drone_pkg/share/ament_index/resource_index/packages/drone_pkg
-- Up-to-date: /home/rooks/projects/ros2_ws/install/drone_pkg/share/drone_pkg/cmake/drone_pkgConfig.cmake
-- Up-to-date: /home/rooks/projects/ros2_ws/install/drone_pkg/share/drone_pkg/cmake/drone_pkgConfig-version.cmake
-- Up-to-date: /home/rooks/projects/ros2_ws/install/drone_pkg/share/drone_pkg/package.xml
