[0.013s] Invoking command in '/home/rooks/projects/ros2_ws/build/drone_pkg': CMAKE_PREFIX_PATH=${CMAKE_PREFIX_PATH}:/opt/ros/jazzy /usr/bin/cmake --build /home/rooks/projects/ros2_ws/build/drone_pkg -- -j16 -l16
[0.062s] -- Found ament_cmake: 2.5.6 (/opt/ros/jazzy/share/ament_cmake/cmake)
[0.226s] -- Found rclcpp: 28.1.18 (/opt/ros/jazzy/share/rclcpp/cmake)
[0.352s] -- Found rosidl_generator_c: 4.6.7 (/opt/ros/jazzy/share/rosidl_generator_c/cmake)
[0.360s] -- Found rosidl_generator_cpp: 4.6.7 (/opt/ros/jazzy/share/rosidl_generator_cpp/cmake)
[0.372s] -- Using all available rosidl_typesupport_c: rosidl_typesupport_fastrtps_c;rosidl_typesupport_introspection_c
[0.384s] -- Using all available rosidl_typesupport_cpp: rosidl_typesupport_fastrtps_cpp;rosidl_typesupport_introspection_cpp
[0.441s] -- Found rmw_implementation_cmake: 7.3.3 (/opt/ros/jazzy/share/rmw_implementation_cmake/cmake)
[0.443s] -- Found rmw_fastrtps_cpp: 8.4.3 (/opt/ros/jazzy/share/rmw_fastrtps_cpp/cmake)
[0.624s] -- Using RMW implementation 'rmw_fastrtps_cpp' as default
[0.774s] -- Found std_msgs: 5.3.7 (/opt/ros/jazzy/share/std_msgs/cmake)
[0.786s] -- Found ament_lint_auto: 0.17.5 (/opt/ros/jazzy/share/ament_lint_auto/cmake)
[0.856s] -- Added test 'cppcheck' to perform static code analysis on C / C++ code
[0.856s] -- Configured cppcheck include dirs: $<BUILD_INTERFACE:/home/rooks/projects/ros2_ws/src/drone_pkg/include>
[0.856s] -- Configured cppcheck exclude dirs and/or files: 
[0.857s] -- Added test 'lint_cmake' to check CMake code style
[0.858s] -- Added test 'uncrustify' to check C / C++ code style
[0.858s] -- Configured uncrustify additional arguments: 
[0.858s] -- Added test 'xmllint' to check XML markup files
[0.860s] -- Configuring done (0.8s)
[0.876s] -- Generating done (0.0s)
[0.880s] -- Build files have been written to: /home/rooks/projects/ros2_ws/build/drone_pkg
[0.914s] [ 25%] [32mBuilding CXX object CMakeFiles/battery_monitor.dir/src/battery_monitor.cpp.o[0m
[0.924s] [ 75%] Built target drone_node
[5.729s] [100%] [32m[1mLinking CXX executable battery_monitor[0m
[5.993s] [100%] Built target battery_monitor
[6.004s] Invoked command in '/home/rooks/projects/ros2_ws/build/drone_pkg' returned '0': CMAKE_PREFIX_PATH=${CMAKE_PREFIX_PATH}:/opt/ros/jazzy /usr/bin/cmake --build /home/rooks/projects/ros2_ws/build/drone_pkg -- -j16 -l16
[6.012s] Invoking command in '/home/rooks/projects/ros2_ws/build/drone_pkg': CMAKE_PREFIX_PATH=${CMAKE_PREFIX_PATH}:/opt/ros/jazzy /usr/bin/cmake --install /home/rooks/projects/ros2_ws/build/drone_pkg
[6.018s] -- Install configuration: ""
[6.019s] -- Up-to-date: /home/rooks/projects/ros2_ws/install/drone_pkg/lib/drone_pkg/drone_node
[6.019s] -- Installing: /home/rooks/projects/ros2_ws/install/drone_pkg/lib/drone_pkg/battery_monitor
[6.025s] -- Set non-toolchain portion of runtime path of "/home/rooks/projects/ros2_ws/install/drone_pkg/lib/drone_pkg/battery_monitor" to ""
[6.025s] -- Up-to-date: /home/rooks/projects/ros2_ws/install/drone_pkg/share/ament_index/resource_index/package_run_dependencies/drone_pkg
[6.025s] -- Installing: /home/rooks/projects/ros2_ws/install/drone_pkg/share/ament_index/resource_index/parent_prefix_path/drone_pkg
[6.025s] -- Up-to-date: /home/rooks/projects/ros2_ws/install/drone_pkg/share/drone_pkg/environment/ament_prefix_path.sh
[6.026s] -- Up-to-date: /home/rooks/projects/ros2_ws/install/drone_pkg/share/drone_pkg/environment/ament_prefix_path.dsv
[6.026s] -- Up-to-date: /home/rooks/projects/ros2_ws/install/drone_pkg/share/drone_pkg/environment/path.sh
[6.026s] -- Up-to-date: /home/rooks/projects/ros2_ws/install/drone_pkg/share/drone_pkg/environment/path.dsv
[6.026s] -- Up-to-date: /home/rooks/projects/ros2_ws/install/drone_pkg/share/drone_pkg/local_setup.bash
[6.026s] -- Up-to-date: /home/rooks/projects/ros2_ws/install/drone_pkg/share/drone_pkg/local_setup.sh
[6.026s] -- Up-to-date: /home/rooks/projects/ros2_ws/install/drone_pkg/share/drone_pkg/local_setup.zsh
[6.026s] -- Up-to-date: /home/rooks/projects/ros2_ws/install/drone_pkg/share/drone_pkg/local_setup.dsv
[6.026s] -- Installing: /home/rooks/projects/ros2_ws/install/drone_pkg/share/drone_pkg/package.dsv
[6.026s] -- Up-to-date: /home/rooks/projects/ros2_ws/install/drone_pkg/share/ament_index/resource_index/packages/drone_pkg
[6.026s] -- Up-to-date: /home/rooks/projects/ros2_ws/install/drone_pkg/share/drone_pkg/cmake/drone_pkgConfig.cmake
[6.026s] -- Up-to-date: /home/rooks/projects/ros2_ws/install/drone_pkg/share/drone_pkg/cmake/drone_pkgConfig-version.cmake
[6.026s] -- Up-to-date: /home/rooks/projects/ros2_ws/install/drone_pkg/share/drone_pkg/package.xml
[6.028s] Invoked command in '/home/rooks/projects/ros2_ws/build/drone_pkg' returned '0': CMAKE_PREFIX_PATH=${CMAKE_PREFIX_PATH}:/opt/ros/jazzy /usr/bin/cmake --install /home/rooks/projects/ros2_ws/build/drone_pkg
